[INFO 2023-09-05 10:10:06,574 MainProcess] ax.service.utils.instantiation: Created search space: SearchSpace(parameters=[RangeParameter(name='x0', parameter_type=FLOAT, range=[0.0, 1.0]), RangeParameter(name='x1', parameter_type=FLOAT, range=[0.0, 1.0]), RangeParameter(name='x2', parameter_type=FLOAT, range=[0.0, 1.0]), RangeParameter(name='x3', parameter_type=FLOAT, range=[0.0, 1.0]), RangeParameter(name='x4', parameter_type=FLOAT, range=[0.0, 1.0]), RangeParameter(name='x5', parameter_type=FLOAT, range=[0.0, 1.0])], parameter_constraints=[]).
[INFO 2023-09-05 10:10:06,575 MainProcess] ax.modelbridge.dispatch_utils: Using Models.GPEI since there are more ordered parameters than there are categories for the unordered categorical parameters.
[INFO 2023-09-05 10:10:06,575 MainProcess] ax.modelbridge.dispatch_utils: Calculating the number of remaining initialization trials based on num_initialization_trials=None max_initialization_trials=None num_tunable_parameters=6 num_trials=None use_batch_trials=False
[INFO 2023-09-05 10:10:06,575 MainProcess] ax.modelbridge.dispatch_utils: calculated num_initialization_trials=12
[INFO 2023-09-05 10:10:06,575 MainProcess] ax.modelbridge.dispatch_utils: num_completed_initialization_trials=0 num_remaining_initialization_trials=12
[INFO 2023-09-05 10:10:06,575 MainProcess] ax.modelbridge.dispatch_utils: Using Bayesian Optimization generation strategy: GenerationStrategy(name='Sobol+GPEI', steps=[Sobol for 12 trials, GPEI for subsequent trials]). Iterations after 12 will take longer to generate due to model-fitting.
[INFO 2023-09-05 10:10:06,576 MainProcess] ax.service.scheduler.Scheduler@0x13f0aaad0: `Scheduler` requires experiment to have immutable search space and optimization config. Setting property immutable_search_space_and_opt_config to `True` on experiment.
[INFO 2023-09-05 10:10:06,576 MainProcess] boa: 

##############################################


BOA Experiment Run
Output Experiment Dir: /Users/madelinescyphers/Documents/projs_.nosync/BOA-paper/r_hartmann/r_hartmann_100_trials_w_stopping_strategy_20230905T101006
Scheduler File Path: /Users/madelinescyphers/Documents/projs_.nosync/BOA-paper/r_hartmann/r_hartmann_100_trials_w_stopping_strategy_20230905T101006/scheduler.json
Optimization CSV File Path: /Users/madelinescyphers/Documents/projs_.nosync/BOA-paper/r_hartmann/r_hartmann_100_trials_w_stopping_strategy_20230905T101006/optimization.csv
Start Time: 20230905T101006
Version: 0.9.8.dev0+g9fdc478.d20230829

##############################################

[INFO 2023-09-05 10:10:06,591 MainProcess] ax.service.scheduler.Scheduler@0x13f0aaad0: Running trials [0]...
[INFO 2023-09-05 10:10:08,591 MainProcess] ax.service.scheduler.Scheduler@0x13f0aaad0: Running trials [1]...
[INFO 2023-09-05 10:10:10,290 MainProcess] ax.service.scheduler.Scheduler@0x13f0aaad0: Running trials [2]...
[INFO 2023-09-05 10:10:12,043 MainProcess] ax.service.scheduler.Scheduler@0x13f0aaad0: Running trials [3]...
[INFO 2023-09-05 10:10:13,751 MainProcess] ax.service.scheduler.Scheduler@0x13f0aaad0: Running trials [4]...
[INFO 2023-09-05 10:10:14,437 MainProcess] ax.service.scheduler.Scheduler@0x13f0aaad0: Running trials [5]...
[INFO 2023-09-05 10:10:16,131 MainProcess] ax.service.scheduler.Scheduler@0x13f0aaad0: Running trials [6]...
[INFO 2023-09-05 10:10:17,835 MainProcess] ax.service.scheduler.Scheduler@0x13f0aaad0: Running trials [7]...
[INFO 2023-09-05 10:10:19,546 MainProcess] ax.service.scheduler.Scheduler@0x13f0aaad0: Running trials [8]...
[INFO 2023-09-05 10:10:21,249 MainProcess] ax.service.scheduler.Scheduler@0x13f0aaad0: Running trials [9]...
[INFO 2023-09-05 10:10:22,947 MainProcess] ax.service.scheduler.Scheduler@0x13f0aaad0: Retrieved COMPLETED trials: 0 - 9.
[INFO 2023-09-05 10:10:22,948 MainProcess] ax.service.scheduler.Scheduler@0x13f0aaad0: Fetching data for trials: 0 - 9.
[INFO 2023-09-05 10:10:23,030 MainProcess] boa: Saved JSON-serialized state of optimization to `/Users/madelinescyphers/Documents/projs_.nosync/BOA-paper/r_hartmann/r_hartmann_100_trials_w_stopping_strategy_20230905T101006/scheduler.json`.
Boa version: 0.9.8.dev0+g9fdc478.d20230829
[INFO 2023-09-05 10:10:23,048 MainProcess] boa: Saved optimization parametrization and objective to `/Users/madelinescyphers/Documents/projs_.nosync/BOA-paper/r_hartmann/r_hartmann_100_trials_w_stopping_strategy_20230905T101006/optimization.csv`.
[INFO 2023-09-05 10:10:23,058 MainProcess] boa: Trials so far: 10
Running trials: 
Will Produce next trials from generation step: Sobol
Best trial so far: {4: {'Hartmann6': -1.1622}}
[INFO 2023-09-05 10:10:23,067 MainProcess] ax.service.scheduler.Scheduler@0x13f0aaad0: Running trials [10]...
[INFO 2023-09-05 10:10:24,773 MainProcess] ax.service.scheduler.Scheduler@0x13f0aaad0: Running trials [11]...
[INFO 2023-09-05 10:10:27,754 MainProcess] ax.service.scheduler.Scheduler@0x13f0aaad0: Running trials [12]...
[INFO 2023-09-05 10:10:28,440 MainProcess] ax.modelbridge.torch: The observations are identical to the last set of observations used to fit the model. Skipping model fitting.
[INFO 2023-09-05 10:10:30,589 MainProcess] ax.service.scheduler.Scheduler@0x13f0aaad0: Running trials [13]...
[INFO 2023-09-05 10:10:32,295 MainProcess] ax.modelbridge.torch: The observations are identical to the last set of observations used to fit the model. Skipping model fitting.
[INFO 2023-09-05 10:10:33,475 MainProcess] ax.service.scheduler.Scheduler@0x13f0aaad0: Running trials [14]...
[INFO 2023-09-05 10:10:35,184 MainProcess] ax.modelbridge.torch: The observations are identical to the last set of observations used to fit the model. Skipping model fitting.
[INFO 2023-09-05 10:10:35,185 MainProcess] ax.service.scheduler.Scheduler@0x13f0aaad0: Generated all trials that can be generated currently. Max parallelism currently reached.
[INFO 2023-09-05 10:10:35,192 MainProcess] ax.service.scheduler.Scheduler@0x13f0aaad0: Retrieved COMPLETED trials: 10 - 14.
[INFO 2023-09-05 10:10:35,192 MainProcess] ax.service.scheduler.Scheduler@0x13f0aaad0: Fetching data for trials: 10 - 14.
[INFO 2023-09-05 10:10:35,250 MainProcess] boa: Saved JSON-serialized state of optimization to `/Users/madelinescyphers/Documents/projs_.nosync/BOA-paper/r_hartmann/r_hartmann_100_trials_w_stopping_strategy_20230905T101006/scheduler.json`.
Boa version: 0.9.8.dev0+g9fdc478.d20230829
[INFO 2023-09-05 10:10:35,263 MainProcess] boa: Saved optimization parametrization and objective to `/Users/madelinescyphers/Documents/projs_.nosync/BOA-paper/r_hartmann/r_hartmann_100_trials_w_stopping_strategy_20230905T101006/optimization.csv`.
[INFO 2023-09-05 10:10:35,275 MainProcess] boa: Trials so far: 15
Running trials: 
Will Produce next trials from generation step: GPEI
Best trial so far: {14: {'Hartmann6': -1.4641}}
[INFO 2023-09-05 10:10:36,409 MainProcess] ax.service.scheduler.Scheduler@0x13f0aaad0: Running trials [15]...
[INFO 2023-09-05 10:10:37,095 MainProcess] ax.modelbridge.torch: The observations are identical to the last set of observations used to fit the model. Skipping model fitting.
[INFO 2023-09-05 10:10:38,153 MainProcess] ax.service.scheduler.Scheduler@0x13f0aaad0: Running trials [16]...
[INFO 2023-09-05 10:10:39,860 MainProcess] ax.modelbridge.torch: The observations are identical to the last set of observations used to fit the model. Skipping model fitting.
[INFO 2023-09-05 10:10:41,051 MainProcess] ax.service.scheduler.Scheduler@0x13f0aaad0: Running trials [17]...
[INFO 2023-09-05 10:10:42,751 MainProcess] ax.modelbridge.torch: The observations are identical to the last set of observations used to fit the model. Skipping model fitting.
[INFO 2023-09-05 10:10:42,752 MainProcess] ax.service.scheduler.Scheduler@0x13f0aaad0: Generated all trials that can be generated currently. Max parallelism currently reached.
[INFO 2023-09-05 10:10:42,755 MainProcess] ax.service.scheduler.Scheduler@0x13f0aaad0: Retrieved COMPLETED trials: 15 - 17.
[INFO 2023-09-05 10:10:42,756 MainProcess] ax.service.scheduler.Scheduler@0x13f0aaad0: Fetching data for trials: 15 - 17.
[INFO 2023-09-05 10:10:42,808 MainProcess] boa: Saved JSON-serialized state of optimization to `/Users/madelinescyphers/Documents/projs_.nosync/BOA-paper/r_hartmann/r_hartmann_100_trials_w_stopping_strategy_20230905T101006/scheduler.json`.
Boa version: 0.9.8.dev0+g9fdc478.d20230829
[INFO 2023-09-05 10:10:42,820 MainProcess] boa: Saved optimization parametrization and objective to `/Users/madelinescyphers/Documents/projs_.nosync/BOA-paper/r_hartmann/r_hartmann_100_trials_w_stopping_strategy_20230905T101006/optimization.csv`.
[INFO 2023-09-05 10:10:42,832 MainProcess] boa: Trials so far: 18
Running trials: 
Will Produce next trials from generation step: GPEI
Best trial so far: {17: {'Hartmann6': -1.9467}}
[INFO 2023-09-05 10:10:43,402 MainProcess] ax.service.scheduler.Scheduler@0x13f0aaad0: Running trials [18]...
[INFO 2023-09-05 10:10:45,130 MainProcess] ax.modelbridge.torch: The observations are identical to the last set of observations used to fit the model. Skipping model fitting.
[INFO 2023-09-05 10:10:45,496 MainProcess] ax.service.scheduler.Scheduler@0x13f0aaad0: Running trials [19]...
[INFO 2023-09-05 10:10:47,203 MainProcess] ax.modelbridge.torch: The observations are identical to the last set of observations used to fit the model. Skipping model fitting.
[INFO 2023-09-05 10:10:49,573 MainProcess] ax.service.scheduler.Scheduler@0x13f0aaad0: Running trials [20]...
[INFO 2023-09-05 10:10:51,283 MainProcess] ax.modelbridge.torch: The observations are identical to the last set of observations used to fit the model. Skipping model fitting.
[INFO 2023-09-05 10:10:51,284 MainProcess] ax.service.scheduler.Scheduler@0x13f0aaad0: Generated all trials that can be generated currently. Max parallelism currently reached.
[INFO 2023-09-05 10:10:51,288 MainProcess] ax.service.scheduler.Scheduler@0x13f0aaad0: Retrieved COMPLETED trials: 18 - 20.
[INFO 2023-09-05 10:10:51,288 MainProcess] ax.service.scheduler.Scheduler@0x13f0aaad0: Fetching data for trials: 18 - 20.
[INFO 2023-09-05 10:10:51,345 MainProcess] boa: Saved JSON-serialized state of optimization to `/Users/madelinescyphers/Documents/projs_.nosync/BOA-paper/r_hartmann/r_hartmann_100_trials_w_stopping_strategy_20230905T101006/scheduler.json`.
Boa version: 0.9.8.dev0+g9fdc478.d20230829
[INFO 2023-09-05 10:10:51,358 MainProcess] boa: Saved optimization parametrization and objective to `/Users/madelinescyphers/Documents/projs_.nosync/BOA-paper/r_hartmann/r_hartmann_100_trials_w_stopping_strategy_20230905T101006/optimization.csv`.
[INFO 2023-09-05 10:10:51,372 MainProcess] boa: Trials so far: 21
Running trials: 
Will Produce next trials from generation step: GPEI
Best trial so far: {20: {'Hartmann6': -2.2811}}
[INFO 2023-09-05 10:10:51,860 MainProcess] ax.service.scheduler.Scheduler@0x13f0aaad0: Running trials [21]...
[INFO 2023-09-05 10:10:53,576 MainProcess] ax.modelbridge.torch: The observations are identical to the last set of observations used to fit the model. Skipping model fitting.
[INFO 2023-09-05 10:10:53,728 MainProcess] ax.service.scheduler.Scheduler@0x13f0aaad0: Running trials [22]...
[INFO 2023-09-05 10:10:54,402 MainProcess] ax.modelbridge.torch: The observations are identical to the last set of observations used to fit the model. Skipping model fitting.
[INFO 2023-09-05 10:10:55,559 MainProcess] ax.service.scheduler.Scheduler@0x13f0aaad0: Running trials [23]...
[INFO 2023-09-05 10:10:57,267 MainProcess] ax.modelbridge.torch: The observations are identical to the last set of observations used to fit the model. Skipping model fitting.
[INFO 2023-09-05 10:10:57,268 MainProcess] ax.service.scheduler.Scheduler@0x13f0aaad0: Generated all trials that can be generated currently. Max parallelism currently reached.
[INFO 2023-09-05 10:10:57,271 MainProcess] ax.service.scheduler.Scheduler@0x13f0aaad0: Retrieved COMPLETED trials: 21 - 23.
[INFO 2023-09-05 10:10:57,271 MainProcess] ax.service.scheduler.Scheduler@0x13f0aaad0: Fetching data for trials: 21 - 23.
[INFO 2023-09-05 10:10:57,334 MainProcess] boa: Saved JSON-serialized state of optimization to `/Users/madelinescyphers/Documents/projs_.nosync/BOA-paper/r_hartmann/r_hartmann_100_trials_w_stopping_strategy_20230905T101006/scheduler.json`.
Boa version: 0.9.8.dev0+g9fdc478.d20230829
[INFO 2023-09-05 10:10:57,351 MainProcess] boa: Saved optimization parametrization and objective to `/Users/madelinescyphers/Documents/projs_.nosync/BOA-paper/r_hartmann/r_hartmann_100_trials_w_stopping_strategy_20230905T101006/optimization.csv`.
[INFO 2023-09-05 10:10:57,364 MainProcess] boa: Trials so far: 24
Running trials: 
Will Produce next trials from generation step: GPEI
Best trial so far: {23: {'Hartmann6': -2.6308}}
[INFO 2023-09-05 10:10:58,136 MainProcess] ax.service.scheduler.Scheduler@0x13f0aaad0: Running trials [24]...
[INFO 2023-09-05 10:10:59,850 MainProcess] ax.modelbridge.torch: The observations are identical to the last set of observations used to fit the model. Skipping model fitting.
[INFO 2023-09-05 10:11:00,231 MainProcess] ax.service.scheduler.Scheduler@0x13f0aaad0: Running trials [25]...
[INFO 2023-09-05 10:11:00,940 MainProcess] ax.modelbridge.torch: The observations are identical to the last set of observations used to fit the model. Skipping model fitting.
[INFO 2023-09-05 10:11:01,586 MainProcess] ax.service.scheduler.Scheduler@0x13f0aaad0: Running trials [26]...
[INFO 2023-09-05 10:11:03,388 MainProcess] ax.modelbridge.torch: The observations are identical to the last set of observations used to fit the model. Skipping model fitting.
[INFO 2023-09-05 10:11:03,388 MainProcess] ax.service.scheduler.Scheduler@0x13f0aaad0: Generated all trials that can be generated currently. Max parallelism currently reached.
[INFO 2023-09-05 10:11:03,395 MainProcess] ax.service.scheduler.Scheduler@0x13f0aaad0: Retrieved COMPLETED trials: 24 - 26.
[INFO 2023-09-05 10:11:03,395 MainProcess] ax.service.scheduler.Scheduler@0x13f0aaad0: Fetching data for trials: 24 - 26.
[INFO 2023-09-05 10:11:03,574 MainProcess] boa: Saved JSON-serialized state of optimization to `/Users/madelinescyphers/Documents/projs_.nosync/BOA-paper/r_hartmann/r_hartmann_100_trials_w_stopping_strategy_20230905T101006/scheduler.json`.
Boa version: 0.9.8.dev0+g9fdc478.d20230829
[INFO 2023-09-05 10:11:03,630 MainProcess] boa: Saved optimization parametrization and objective to `/Users/madelinescyphers/Documents/projs_.nosync/BOA-paper/r_hartmann/r_hartmann_100_trials_w_stopping_strategy_20230905T101006/optimization.csv`.
[INFO 2023-09-05 10:11:03,680 MainProcess] boa: Trials so far: 27
Running trials: 
Will Produce next trials from generation step: GPEI
Best trial so far: {26: {'Hartmann6': -2.9013}}
[INFO 2023-09-05 10:11:07,771 MainProcess] ax.service.scheduler.Scheduler@0x13f0aaad0: Running trials [27]...
[INFO 2023-09-05 10:11:09,719 MainProcess] ax.modelbridge.torch: The observations are identical to the last set of observations used to fit the model. Skipping model fitting.
[INFO 2023-09-05 10:11:09,915 MainProcess] ax.service.scheduler.Scheduler@0x13f0aaad0: Running trials [28]...
[INFO 2023-09-05 10:11:11,639 MainProcess] ax.modelbridge.torch: The observations are identical to the last set of observations used to fit the model. Skipping model fitting.
[INFO 2023-09-05 10:11:12,199 MainProcess] ax.service.scheduler.Scheduler@0x13f0aaad0: Running trials [29]...
[INFO 2023-09-05 10:11:13,928 MainProcess] ax.modelbridge.torch: The observations are identical to the last set of observations used to fit the model. Skipping model fitting.
[INFO 2023-09-05 10:11:13,928 MainProcess] ax.service.scheduler.Scheduler@0x13f0aaad0: Generated all trials that can be generated currently. Max parallelism currently reached.
[INFO 2023-09-05 10:11:13,933 MainProcess] ax.service.scheduler.Scheduler@0x13f0aaad0: Retrieved COMPLETED trials: 27 - 29.
[INFO 2023-09-05 10:11:13,933 MainProcess] ax.service.scheduler.Scheduler@0x13f0aaad0: Fetching data for trials: 27 - 29.
[INFO 2023-09-05 10:11:14,003 MainProcess] boa: Saved JSON-serialized state of optimization to `/Users/madelinescyphers/Documents/projs_.nosync/BOA-paper/r_hartmann/r_hartmann_100_trials_w_stopping_strategy_20230905T101006/scheduler.json`.
Boa version: 0.9.8.dev0+g9fdc478.d20230829
[INFO 2023-09-05 10:11:14,018 MainProcess] boa: Saved optimization parametrization and objective to `/Users/madelinescyphers/Documents/projs_.nosync/BOA-paper/r_hartmann/r_hartmann_100_trials_w_stopping_strategy_20230905T101006/optimization.csv`.
[INFO 2023-09-05 10:11:14,035 MainProcess] boa: Trials so far: 30
Running trials: 
Will Produce next trials from generation step: GPEI
Best trial so far: {27: {'Hartmann6': -3.0781}}
[INFO 2023-09-05 10:11:14,337 MainProcess] ax.service.scheduler.Scheduler@0x13f0aaad0: Running trials [30]...
[INFO 2023-09-05 10:11:16,054 MainProcess] ax.modelbridge.torch: The observations are identical to the last set of observations used to fit the model. Skipping model fitting.
[INFO 2023-09-05 10:11:16,201 MainProcess] ax.service.scheduler.Scheduler@0x13f0aaad0: Running trials [31]...
[INFO 2023-09-05 10:11:16,931 MainProcess] ax.modelbridge.torch: The observations are identical to the last set of observations used to fit the model. Skipping model fitting.
[INFO 2023-09-05 10:11:17,468 MainProcess] ax.service.scheduler.Scheduler@0x13f0aaad0: Running trials [32]...
[INFO 2023-09-05 10:11:19,199 MainProcess] ax.modelbridge.torch: The observations are identical to the last set of observations used to fit the model. Skipping model fitting.
[INFO 2023-09-05 10:11:19,199 MainProcess] ax.service.scheduler.Scheduler@0x13f0aaad0: Generated all trials that can be generated currently. Max parallelism currently reached.
[INFO 2023-09-05 10:11:19,203 MainProcess] ax.service.scheduler.Scheduler@0x13f0aaad0: Retrieved COMPLETED trials: 30 - 32.
[INFO 2023-09-05 10:11:19,203 MainProcess] ax.service.scheduler.Scheduler@0x13f0aaad0: Fetching data for trials: 30 - 32.
[INFO 2023-09-05 10:11:19,275 MainProcess] boa: Saved JSON-serialized state of optimization to `/Users/madelinescyphers/Documents/projs_.nosync/BOA-paper/r_hartmann/r_hartmann_100_trials_w_stopping_strategy_20230905T101006/scheduler.json`.
Boa version: 0.9.8.dev0+g9fdc478.d20230829
[INFO 2023-09-05 10:11:19,290 MainProcess] boa: Saved optimization parametrization and objective to `/Users/madelinescyphers/Documents/projs_.nosync/BOA-paper/r_hartmann/r_hartmann_100_trials_w_stopping_strategy_20230905T101006/optimization.csv`.
[INFO 2023-09-05 10:11:19,307 MainProcess] boa: Trials so far: 33
Running trials: 
Will Produce next trials from generation step: GPEI
Best trial so far: {31: {'Hartmann6': -3.2709}}
[INFO 2023-09-05 10:11:19,652 MainProcess] ax.service.scheduler.Scheduler@0x13f0aaad0: Running trials [33]...
[INFO 2023-09-05 10:11:21,370 MainProcess] ax.modelbridge.torch: The observations are identical to the last set of observations used to fit the model. Skipping model fitting.
[INFO 2023-09-05 10:11:21,704 MainProcess] ax.service.scheduler.Scheduler@0x13f0aaad0: Running trials [34]...
[INFO 2023-09-05 10:11:23,419 MainProcess] ax.modelbridge.torch: The observations are identical to the last set of observations used to fit the model. Skipping model fitting.
[INFO 2023-09-05 10:11:23,935 MainProcess] ax.service.scheduler.Scheduler@0x13f0aaad0: Running trials [35]...
[INFO 2023-09-05 10:11:25,652 MainProcess] ax.modelbridge.torch: The observations are identical to the last set of observations used to fit the model. Skipping model fitting.
[INFO 2023-09-05 10:11:25,653 MainProcess] ax.service.scheduler.Scheduler@0x13f0aaad0: Generated all trials that can be generated currently. Max parallelism currently reached.
[INFO 2023-09-05 10:11:25,657 MainProcess] ax.service.scheduler.Scheduler@0x13f0aaad0: Retrieved COMPLETED trials: 33 - 35.
[INFO 2023-09-05 10:11:25,657 MainProcess] ax.service.scheduler.Scheduler@0x13f0aaad0: Fetching data for trials: 33 - 35.
[INFO 2023-09-05 10:11:25,735 MainProcess] boa: Saved JSON-serialized state of optimization to `/Users/madelinescyphers/Documents/projs_.nosync/BOA-paper/r_hartmann/r_hartmann_100_trials_w_stopping_strategy_20230905T101006/scheduler.json`.
Boa version: 0.9.8.dev0+g9fdc478.d20230829
[INFO 2023-09-05 10:11:25,752 MainProcess] boa: Saved optimization parametrization and objective to `/Users/madelinescyphers/Documents/projs_.nosync/BOA-paper/r_hartmann/r_hartmann_100_trials_w_stopping_strategy_20230905T101006/optimization.csv`.
[INFO 2023-09-05 10:11:25,769 MainProcess] boa: Trials so far: 36
Running trials: 
Will Produce next trials from generation step: GPEI
Best trial so far: {33: {'Hartmann6': -3.3123}}
[INFO 2023-09-05 10:11:26,183 MainProcess] ax.service.scheduler.Scheduler@0x13f0aaad0: Running trials [36]...
[INFO 2023-09-05 10:11:26,912 MainProcess] ax.modelbridge.torch: The observations are identical to the last set of observations used to fit the model. Skipping model fitting.
[INFO 2023-09-05 10:11:27,213 MainProcess] ax.service.scheduler.Scheduler@0x13f0aaad0: Running trials [37]...
[INFO 2023-09-05 10:11:30,100 MainProcess] ax.modelbridge.torch: The observations are identical to the last set of observations used to fit the model. Skipping model fitting.
[INFO 2023-09-05 10:11:30,613 MainProcess] ax.service.scheduler.Scheduler@0x13f0aaad0: Running trials [38]...
[INFO 2023-09-05 10:11:32,910 MainProcess] ax.modelbridge.torch: The observations are identical to the last set of observations used to fit the model. Skipping model fitting.
[INFO 2023-09-05 10:11:32,911 MainProcess] ax.service.scheduler.Scheduler@0x13f0aaad0: Generated all trials that can be generated currently. Max parallelism currently reached.
[INFO 2023-09-05 10:11:32,915 MainProcess] ax.service.scheduler.Scheduler@0x13f0aaad0: Retrieved COMPLETED trials: 36 - 38.
[INFO 2023-09-05 10:11:32,915 MainProcess] ax.service.scheduler.Scheduler@0x13f0aaad0: Fetching data for trials: 36 - 38.
[INFO 2023-09-05 10:11:33,005 MainProcess] boa: Saved JSON-serialized state of optimization to `/Users/madelinescyphers/Documents/projs_.nosync/BOA-paper/r_hartmann/r_hartmann_100_trials_w_stopping_strategy_20230905T101006/scheduler.json`.
Boa version: 0.9.8.dev0+g9fdc478.d20230829
[INFO 2023-09-05 10:11:33,024 MainProcess] boa: Saved optimization parametrization and objective to `/Users/madelinescyphers/Documents/projs_.nosync/BOA-paper/r_hartmann/r_hartmann_100_trials_w_stopping_strategy_20230905T101006/optimization.csv`.
[INFO 2023-09-05 10:11:33,044 MainProcess] boa: Trials so far: 39
Running trials: 
Will Produce next trials from generation step: GPEI
Best trial so far: {33: {'Hartmann6': -3.3123}}
[INFO 2023-09-05 10:11:33,619 MainProcess] ax.service.scheduler.Scheduler@0x13f0aaad0: Running trials [39]...
[INFO 2023-09-05 10:11:34,336 MainProcess] ax.modelbridge.torch: The observations are identical to the last set of observations used to fit the model. Skipping model fitting.
[INFO 2023-09-05 10:11:34,742 MainProcess] ax.service.scheduler.Scheduler@0x13f0aaad0: Running trials [40]...
[INFO 2023-09-05 10:11:35,447 MainProcess] ax.modelbridge.torch: The observations are identical to the last set of observations used to fit the model. Skipping model fitting.
[INFO 2023-09-05 10:11:35,547 MainProcess] ax.service.scheduler.Scheduler@0x13f0aaad0: Running trials [41]...
[INFO 2023-09-05 10:11:36,254 MainProcess] ax.modelbridge.torch: The observations are identical to the last set of observations used to fit the model. Skipping model fitting.
[INFO 2023-09-05 10:11:36,255 MainProcess] ax.service.scheduler.Scheduler@0x13f0aaad0: Generated all trials that can be generated currently. Max parallelism currently reached.
[INFO 2023-09-05 10:11:36,257 MainProcess] ax.service.scheduler.Scheduler@0x13f0aaad0: Retrieved COMPLETED trials: 39 - 41.
[INFO 2023-09-05 10:11:36,257 MainProcess] ax.service.scheduler.Scheduler@0x13f0aaad0: Fetching data for trials: 39 - 41.
[INFO 2023-09-05 10:11:36,342 MainProcess] boa: Saved JSON-serialized state of optimization to `/Users/madelinescyphers/Documents/projs_.nosync/BOA-paper/r_hartmann/r_hartmann_100_trials_w_stopping_strategy_20230905T101006/scheduler.json`.
Boa version: 0.9.8.dev0+g9fdc478.d20230829
[INFO 2023-09-05 10:11:36,358 MainProcess] boa: Saved optimization parametrization and objective to `/Users/madelinescyphers/Documents/projs_.nosync/BOA-paper/r_hartmann/r_hartmann_100_trials_w_stopping_strategy_20230905T101006/optimization.csv`.
[INFO 2023-09-05 10:11:36,377 MainProcess] boa: Trials so far: 42
Running trials: 
Will Produce next trials from generation step: GPEI
Best trial so far: {33: {'Hartmann6': -3.3123}}
[INFO 2023-09-05 10:11:36,891 MainProcess] ax.service.scheduler.Scheduler@0x13f0aaad0: Running trials [42]...
[INFO 2023-09-05 10:11:37,586 MainProcess] ax.modelbridge.torch: The observations are identical to the last set of observations used to fit the model. Skipping model fitting.
[INFO 2023-09-05 10:11:38,135 MainProcess] ax.service.scheduler.Scheduler@0x13f0aaad0: Running trials [43]...
[INFO 2023-09-05 10:11:40,743 MainProcess] ax.modelbridge.torch: The observations are identical to the last set of observations used to fit the model. Skipping model fitting.
[INFO 2023-09-05 10:11:41,109 MainProcess] ax.service.scheduler.Scheduler@0x13f0aaad0: Running trials [44]...
[INFO 2023-09-05 10:11:42,881 MainProcess] ax.modelbridge.torch: The observations are identical to the last set of observations used to fit the model. Skipping model fitting.
[INFO 2023-09-05 10:11:42,881 MainProcess] ax.service.scheduler.Scheduler@0x13f0aaad0: Generated all trials that can be generated currently. Max parallelism currently reached.
[INFO 2023-09-05 10:11:42,885 MainProcess] ax.service.scheduler.Scheduler@0x13f0aaad0: Retrieved COMPLETED trials: 42 - 44.
[INFO 2023-09-05 10:11:42,885 MainProcess] ax.service.scheduler.Scheduler@0x13f0aaad0: Fetching data for trials: 42 - 44.
[INFO 2023-09-05 10:11:42,976 MainProcess] boa: Saved JSON-serialized state of optimization to `/Users/madelinescyphers/Documents/projs_.nosync/BOA-paper/r_hartmann/r_hartmann_100_trials_w_stopping_strategy_20230905T101006/scheduler.json`.
Boa version: 0.9.8.dev0+g9fdc478.d20230829
[INFO 2023-09-05 10:11:42,994 MainProcess] boa: Saved optimization parametrization and objective to `/Users/madelinescyphers/Documents/projs_.nosync/BOA-paper/r_hartmann/r_hartmann_100_trials_w_stopping_strategy_20230905T101006/optimization.csv`.
[INFO 2023-09-05 10:11:43,013 MainProcess] boa: Trials so far: 45
Running trials: 
Will Produce next trials from generation step: GPEI
Best trial so far: {44: {'Hartmann6': -3.3192}}
[INFO 2023-09-05 10:11:43,677 MainProcess] ax.service.scheduler.Scheduler@0x13f0aaad0: Running trials [45]...
[INFO 2023-09-05 10:11:45,431 MainProcess] ax.modelbridge.torch: The observations are identical to the last set of observations used to fit the model. Skipping model fitting.
[INFO 2023-09-05 10:11:45,963 MainProcess] ax.service.scheduler.Scheduler@0x13f0aaad0: Running trials [46]...
[INFO 2023-09-05 10:11:47,722 MainProcess] ax.modelbridge.torch: The observations are identical to the last set of observations used to fit the model. Skipping model fitting.
[INFO 2023-09-05 10:11:48,343 MainProcess] ax.service.scheduler.Scheduler@0x13f0aaad0: Running trials [47]...
[INFO 2023-09-05 10:11:50,090 MainProcess] ax.modelbridge.torch: The observations are identical to the last set of observations used to fit the model. Skipping model fitting.
[INFO 2023-09-05 10:11:50,090 MainProcess] ax.service.scheduler.Scheduler@0x13f0aaad0: Generated all trials that can be generated currently. Max parallelism currently reached.
[INFO 2023-09-05 10:11:50,094 MainProcess] ax.service.scheduler.Scheduler@0x13f0aaad0: Retrieved COMPLETED trials: 45 - 47.
[INFO 2023-09-05 10:11:50,094 MainProcess] ax.service.scheduler.Scheduler@0x13f0aaad0: Fetching data for trials: 45 - 47.
[INFO 2023-09-05 10:11:50,189 MainProcess] boa: Saved JSON-serialized state of optimization to `/Users/madelinescyphers/Documents/projs_.nosync/BOA-paper/r_hartmann/r_hartmann_100_trials_w_stopping_strategy_20230905T101006/scheduler.json`.
Boa version: 0.9.8.dev0+g9fdc478.d20230829
[INFO 2023-09-05 10:11:50,210 MainProcess] boa: Saved optimization parametrization and objective to `/Users/madelinescyphers/Documents/projs_.nosync/BOA-paper/r_hartmann/r_hartmann_100_trials_w_stopping_strategy_20230905T101006/optimization.csv`.
[INFO 2023-09-05 10:11:50,389 MainProcess] boa: Trials so far: 48
Running trials: 
Will Produce next trials from generation step: GPEI
Best trial so far: {44: {'Hartmann6': -3.3192}}
[INFO 2023-09-05 10:11:50,997 MainProcess] ax.service.scheduler.Scheduler@0x13f0aaad0: Running trials [48]...
[INFO 2023-09-05 10:11:52,735 MainProcess] ax.modelbridge.torch: The observations are identical to the last set of observations used to fit the model. Skipping model fitting.
[INFO 2023-09-05 10:11:53,286 MainProcess] ax.service.scheduler.Scheduler@0x13f0aaad0: Running trials [49]...
[INFO 2023-09-05 10:11:54,006 MainProcess] ax.modelbridge.torch: The observations are identical to the last set of observations used to fit the model. Skipping model fitting.
[INFO 2023-09-05 10:11:54,621 MainProcess] ax.service.scheduler.Scheduler@0x13f0aaad0: Running trials [50]...
[INFO 2023-09-05 10:11:56,357 MainProcess] ax.modelbridge.torch: The observations are identical to the last set of observations used to fit the model. Skipping model fitting.
[INFO 2023-09-05 10:11:56,358 MainProcess] ax.service.scheduler.Scheduler@0x13f0aaad0: Generated all trials that can be generated currently. Max parallelism currently reached.
[INFO 2023-09-05 10:11:56,361 MainProcess] ax.service.scheduler.Scheduler@0x13f0aaad0: Retrieved COMPLETED trials: 48 - 50.
[INFO 2023-09-05 10:11:56,361 MainProcess] ax.service.scheduler.Scheduler@0x13f0aaad0: Fetching data for trials: 48 - 50.
[INFO 2023-09-05 10:11:56,460 MainProcess] boa: Saved JSON-serialized state of optimization to `/Users/madelinescyphers/Documents/projs_.nosync/BOA-paper/r_hartmann/r_hartmann_100_trials_w_stopping_strategy_20230905T101006/scheduler.json`.
Boa version: 0.9.8.dev0+g9fdc478.d20230829
[INFO 2023-09-05 10:11:56,477 MainProcess] boa: Saved optimization parametrization and objective to `/Users/madelinescyphers/Documents/projs_.nosync/BOA-paper/r_hartmann/r_hartmann_100_trials_w_stopping_strategy_20230905T101006/optimization.csv`.
[INFO 2023-09-05 10:11:56,499 MainProcess] boa: Trials so far: 51
Running trials: 
Will Produce next trials from generation step: GPEI
Best trial so far: {44: {'Hartmann6': -3.3192}}
[INFO 2023-09-05 10:11:57,032 MainProcess] ax.service.scheduler.Scheduler@0x13f0aaad0: Running trials [51]...
[INFO 2023-09-05 10:11:57,747 MainProcess] ax.modelbridge.torch: The observations are identical to the last set of observations used to fit the model. Skipping model fitting.
[INFO 2023-09-05 10:11:58,318 MainProcess] ax.service.scheduler.Scheduler@0x13f0aaad0: Running trials [52]...
[INFO 2023-09-05 10:12:00,049 MainProcess] ax.modelbridge.torch: The observations are identical to the last set of observations used to fit the model. Skipping model fitting.
[INFO 2023-09-05 10:12:00,656 MainProcess] ax.service.scheduler.Scheduler@0x13f0aaad0: Running trials [53]...
[INFO 2023-09-05 10:12:01,363 MainProcess] ax.modelbridge.torch: The observations are identical to the last set of observations used to fit the model. Skipping model fitting.
[INFO 2023-09-05 10:12:01,364 MainProcess] ax.service.scheduler.Scheduler@0x13f0aaad0: Generated all trials that can be generated currently. Max parallelism currently reached.
[INFO 2023-09-05 10:12:01,366 MainProcess] ax.service.scheduler.Scheduler@0x13f0aaad0: Retrieved COMPLETED trials: 51 - 53.
[INFO 2023-09-05 10:12:01,366 MainProcess] ax.service.scheduler.Scheduler@0x13f0aaad0: Fetching data for trials: 51 - 53.
[INFO 2023-09-05 10:12:01,465 MainProcess] boa: Saved JSON-serialized state of optimization to `/Users/madelinescyphers/Documents/projs_.nosync/BOA-paper/r_hartmann/r_hartmann_100_trials_w_stopping_strategy_20230905T101006/scheduler.json`.
Boa version: 0.9.8.dev0+g9fdc478.d20230829
[INFO 2023-09-05 10:12:01,484 MainProcess] boa: Saved optimization parametrization and objective to `/Users/madelinescyphers/Documents/projs_.nosync/BOA-paper/r_hartmann/r_hartmann_100_trials_w_stopping_strategy_20230905T101006/optimization.csv`.
[INFO 2023-09-05 10:12:01,507 MainProcess] boa: Trials so far: 54
Running trials: 
Will Produce next trials from generation step: GPEI
Best trial so far: {44: {'Hartmann6': -3.3192}}
[INFO 2023-09-05 10:12:01,601 MainProcess] boa: Saved JSON-serialized state of optimization to `/Users/madelinescyphers/Documents/projs_.nosync/BOA-paper/r_hartmann/r_hartmann_100_trials_w_stopping_strategy_20230905T101006/scheduler.json`.
Boa version: 0.9.8.dev0+g9fdc478.d20230829
[INFO 2023-09-05 10:12:01,620 MainProcess] boa: Saved optimization parametrization and objective to `/Users/madelinescyphers/Documents/projs_.nosync/BOA-paper/r_hartmann/r_hartmann_100_trials_w_stopping_strategy_20230905T101006/optimization.csv`.
[INFO 2023-09-05 10:12:01,642 MainProcess] boa: Trials so far: 54
Running trials: 
Will Produce next trials from generation step: GPEI
Best trial so far: {44: {'Hartmann6': -3.3192}}
[INFO 2023-09-05 10:12:01,673 MainProcess] boa: 

##############################################

Trials Completed!
BOA Experiment Run
Output Experiment Dir: /Users/madelinescyphers/Documents/projs_.nosync/BOA-paper/r_hartmann/r_hartmann_100_trials_w_stopping_strategy_20230905T101006
Scheduler File Path: /Users/madelinescyphers/Documents/projs_.nosync/BOA-paper/r_hartmann/r_hartmann_100_trials_w_stopping_strategy_20230905T101006/scheduler.json
Optimization CSV File Path: /Users/madelinescyphers/Documents/projs_.nosync/BOA-paper/r_hartmann/r_hartmann_100_trials_w_stopping_strategy_20230905T101006/optimization.csv
Start Time: 20230905T101006
Version: 0.9.8.dev0+g9fdc478.d20230829
End Time: 20230905T101201
Total Run Time: 115.06697392463684

    trial_index arm_name trial_status generation_method  Hartmann6        x0        x1        x2        x3        x4        x5
0             0      0_0    COMPLETED             Sobol    -0.1185  0.044871  0.321887  0.607721  0.010939  0.922598  0.096176
1             1      1_0    COMPLETED             Sobol    -0.0051  0.732013  0.313791  0.494835  0.823283  0.767758  0.653784
2             2      2_0    COMPLETED             Sobol    -0.0109  0.718202  0.242756  0.325061  0.988510  0.406885  0.824390
3             3      3_0    COMPLETED             Sobol    -0.4214  0.388220  0.563488  0.063497  0.586816  0.193033  0.476497
4             4      4_0    COMPLETED             Sobol    -1.1622  0.656976  0.296737  0.133699  0.216334  0.323166  0.508315
5             5      5_0    COMPLETED             Sobol    -0.0235  0.323926  0.980599  0.151422  0.938436  0.303615  0.539486
6             6      6_0    COMPLETED             Sobol    -0.0112  0.934046  0.262644  0.303535  0.297910  0.790505  0.773811
7             7      7_0    COMPLETED             Sobol    -0.1436  0.223451  0.642318  0.814499  0.051499  0.974151  0.521548
8             8      8_0    COMPLETED             Sobol    -0.0223  0.901211  0.024474  0.827988  0.029318  0.196927  0.132503
9             9      9_0    COMPLETED             Sobol    -0.0028  0.657718  0.933713  0.957776  0.160360  0.771641  0.988626
10           10     10_0    COMPLETED             Sobol    -0.9133  0.253158  0.110473  0.539313  0.058970  0.638659  0.733890
11           11     11_0    COMPLETED             Sobol    -0.0087  0.419608  0.111381  0.567022  0.965985  0.149162  0.152967
12           12     12_0    COMPLETED              GPEI    -1.0146  0.615585  0.305811  0.076820  0.179986  0.261081  0.477102
13           13     13_0    COMPLETED              GPEI    -0.9677  0.693324  0.356559  0.203846  0.247041  0.303344  0.473276
14           14     14_0    COMPLETED              GPEI    -1.4641  0.601445  0.223572  0.102718  0.235716  0.364032  0.552763
15           15     15_0    COMPLETED              GPEI    -1.7118  0.520623  0.165430  0.129674  0.243111  0.405698  0.594142
16           16     16_0    COMPLETED              GPEI    -1.4403  0.587562  0.148657  0.021933  0.295237  0.383440  0.571758
17           17     17_0    COMPLETED              GPEI    -1.9467  0.534435  0.202870  0.148527  0.230909  0.359303  0.673928
18           18     18_0    COMPLETED              GPEI    -2.1257  0.474294  0.165586  0.181172  0.200553  0.343351  0.721696
19           19     19_0    COMPLETED              GPEI    -1.7748  0.475877  0.273722  0.118417  0.217794  0.391993  0.719806
20           20     20_0    COMPLETED              GPEI    -2.2811  0.520401  0.140340  0.256402  0.258866  0.321754  0.700374
21           21     21_0    COMPLETED              GPEI    -2.3077  0.486487  0.085716  0.306750  0.262230  0.290820  0.754061
22           22     22_0    COMPLETED              GPEI    -1.9492  0.550060  0.069311  0.331995  0.223871  0.318612  0.767434
23           23     23_0    COMPLETED              GPEI    -2.6308  0.427587  0.129703  0.300115  0.279984  0.274604  0.714767
24           24     24_0    COMPLETED              GPEI    -2.7308  0.350380  0.150299  0.321891  0.295775  0.235639  0.691606
25           25     25_0    COMPLETED              GPEI    -2.5043  0.367249  0.196019  0.378472  0.269832  0.210199  0.708985
26           26     26_0    COMPLETED              GPEI    -2.9013  0.308936  0.127148  0.308085  0.332413  0.270334  0.694177
27           27     27_0    COMPLETED              GPEI    -3.0781  0.240674  0.122311  0.337694  0.333138  0.301501  0.688580
28           28     28_0    COMPLETED              GPEI    -2.7523  0.260153  0.144602  0.266427  0.371104  0.282858  0.715461
29           29     29_0    COMPLETED              GPEI    -2.9270  0.281297  0.092108  0.386897  0.370453  0.292634  0.669196
30           30     30_0    COMPLETED              GPEI    -3.2171  0.188490  0.099841  0.383494  0.287960  0.310321  0.671927
31           31     31_0    COMPLETED              GPEI    -3.2709  0.199174  0.164244  0.415947  0.295676  0.316949  0.672384
32           32     32_0    COMPLETED              GPEI    -3.0068  0.150207  0.025905  0.352747  0.283825  0.305906  0.668176
33           33     33_0    COMPLETED              GPEI    -3.3123  0.175032  0.157224  0.474799  0.275016  0.312078  0.661567
34           34     34_0    COMPLETED              GPEI    -3.2451  0.165348  0.148582  0.506223  0.278790  0.320437  0.701170
35           35     35_0    COMPLETED              GPEI    -3.2484  0.167897  0.169350  0.419737  0.275527  0.315308  0.628395
36           36     36_0    COMPLETED              GPEI    -3.3088  0.213413  0.149740  0.509669  0.273576  0.314010  0.654218
37           37     37_0    COMPLETED              GPEI    -3.2779  0.157376  0.165383  0.477955  0.280436  0.294364  0.664753
38           38     38_0    COMPLETED              GPEI    -0.4613  0.678479  0.000000  0.310579  0.565793  0.144009  0.647698
39           39     39_0    COMPLETED              GPEI    -0.2214  0.204550  0.907672  0.566975  0.813526  0.900523  0.354716
40           40     40_0    COMPLETED              GPEI    -3.2970  0.177934  0.148288  0.510708  0.286423  0.319946  0.652734
41           41     41_0    COMPLETED              GPEI    -2.4186  0.303606  0.076311  0.557634  0.279900  0.419275  0.563496
42           42     42_0    COMPLETED              GPEI    -0.1801  0.429868  0.645490  0.044015  0.027835  0.130684  0.399313
43           43     43_0    COMPLETED              GPEI    -0.5532  0.712322  0.852975  0.055010  0.626227  0.989120  0.028123
44           44     44_0    COMPLETED              GPEI    -3.3192  0.195198  0.156916  0.484168  0.268080  0.312696  0.660678
45           45     45_0    COMPLETED              GPEI    -0.0904  0.504642  0.618233  0.428601  0.728938  0.028477  0.519376
46           46     46_0    COMPLETED              GPEI    -0.0348  0.825153  0.143932  0.008296  0.499224  0.174737  0.102712
47           47     47_0    COMPLETED              GPEI    -1.4420  0.429234  0.752146  0.661484  0.323158  0.468671  0.004337
48           48     48_0    COMPLETED              GPEI    -0.0754  0.786673  0.207110  0.610710  0.263248  0.631201  0.327122
49           49     49_0    COMPLETED              GPEI    -0.8412  0.217899  0.374399  0.721260  0.670987  0.326481  0.835333
50           50     50_0    COMPLETED              GPEI    -0.4601  0.110733  0.013570  0.566186  0.355574  0.644933  0.912467
51           51     51_0    COMPLETED              GPEI    -1.0488  0.297825  0.662484  0.475157  0.707836  0.501311  0.199122
52           52     52_0    COMPLETED              GPEI    -0.1493  0.434662  0.053705  0.445909  0.353292  0.212890  0.073424
53           53     53_0    COMPLETED              GPEI    -0.0003  0.909990  0.001396  0.942665  0.926671  0.379147  0.045488

##############################################

